Job <24998543> is submitted to queue <c02613>.
Job <24998544> is submitted to queue <c02613>.
Job <24998545> is submitted to queue <c02613>.
Job <24998546> is submitted to queue <c02613>.
Job <24998547> is submitted to queue <c02613>.
Job <24998548> is submitted to queue <c02613>.
Job <24998549> is submitted to queue <c02613>.
Job <24998550> is submitted to queue <c02613>.
Job <24998551> is submitted to queue <c02613>.
Job <24998552> is submitted to queue <c02613>.

------------------------------------------------------------
Sender: LSF System <lsfadmin@hpc.dtu.dk>
Subject: Job 24998542: <NONAME> in cluster <dcc> Done

Job <NONAME> was submitted from host <hpclogin1> by user <s204427> in cluster <dcc> at Thu May 15 16:59:19 2025
Job was executed on host(s) <n-62-31-1>, in queue <hpc>, as user <s204427> in cluster <dcc> at Thu May 15 16:59:21 2025
</zhome/1a/a/156609> was used as the home directory.
</zhome/1a/a/156609/project/path/Bach> was used as the working directory.
Started at Thu May 15 16:59:21 2025
Terminated at Thu May 15 16:59:24 2025
Results reported at Thu May 15 16:59:24 2025

Your job looked like:

------------------------------------------------------------
# LSBATCH: User input
train_short_queue.sh
------------------------------------------------------------

Successfully completed.

Resource usage summary:

    CPU time :                                   2.03 sec.
    Max Memory :                                 -
    Average Memory :                             -
    Total Requested Memory :                     1024.00 MB
    Delta Memory :                               -
    Max Swap :                                   -
    Max Processes :                              -
    Max Threads :                                -
    Run time :                                   95 sec.
    Turnaround time :                            5 sec.

The output (if any) is above this job summary.

